<?xml version="1.0" encoding="UTF-8"?>
<!-- Generated by org.testng.reporters.JUnitReportReporter -->
<testsuite hostname="LAPTOP-9E55LMAH" failures="0" tests="2" name="testCaseLogin.Login" time="48.871" errors="0" timestamp="2022-10-22T19:04:04 GMT-04:00" skipped="0">
  <testcase classname="testCaseLogin.Login" name="ingresoTestink" time="21.946"/>
  <system-out/>
  <testcase classname="testCaseLogin.Login" name="ingresoTestink" time="26.925"/>
  <system-out/>
</testsuite> <!-- testCaseLogin.Login -->
