<?xml version="1.0" encoding="UTF-8"?>
<!-- Generated by org.testng.reporters.JUnitReportReporter -->
<testsuite hostname="LAPTOP-9E55LMAH" failures="0" tests="2" name="testCaseLogin.Login" time="11.454" errors="0" timestamp="2022-10-23T10:29:16 GMT-04:00" skipped="0">
  <testcase classname="testCaseLogin.Login" name="ingresoTestink" time="4.601"/>
  <system-out/>
  <testcase classname="testCaseLogin.Login" name="ingresoTestink" time="6.853"/>
  <system-out/>
</testsuite> <!-- testCaseLogin.Login -->
