<?xml version="1.0" encoding="UTF-8"?>
<!-- Generated by org.testng.reporters.JUnitReportReporter -->
<testsuite skipped="0" hostname="LAP96" name="runner.RunCuker" tests="2" failures="0" timestamp="2022-12-13T18:10:00 CLST" time="32.461" errors="0">
  <testcase name="runScenario" time="13.131" classname="runner.RunCuker"/>
  <system-out/>
  <testcase name="runScenario" time="19.330" classname="runner.RunCuker"/>
  <system-out/>
</testsuite> <!-- runner.RunCuker -->
