<?xml version="1.0" encoding="UTF-8"?>
<!-- Generated by org.testng.reporters.JUnitReportReporter -->
<testsuite skipped="0" hostname="LAP96" name="runner.RunCuke" tests="3" failures="0" timestamp="2022-12-13T20:02:48 CLST" time="58.841" errors="0">
  <testcase name="runScenario" time="9.696" classname="runner.RunCuke"/>
  <system-out/>
  <testcase name="runScenario" time="36.224" classname="runner.RunCuke"/>
  <system-out/>
  <testcase name="runScenario" time="12.921" classname="runner.RunCuke"/>
  <system-out/>
</testsuite> <!-- runner.RunCuke -->
