<?xml version="1.0" encoding="UTF-8"?>
<!-- Generated by org.testng.reporters.JUnitReportReporter -->
<testsuite skipped="1" hostname="LAPTOP-9E55LMAH" name="cl.local.test.LoginOKMantis" tests="1" failures="0" timestamp="2022-11-17T21:28:33 CLST" time="0.000" errors="0">
  <testcase name="loginOK" time="0.000" classname="cl.local.test.LoginOKMantis">
    <skipped/>
  </testcase> <!-- loginOK -->
  <system-out/>
</testsuite> <!-- cl.local.test.LoginOKMantis -->
