<?xml version="1.0" encoding="UTF-8"?>
<!-- Generated by org.testng.reporters.JUnitReportReporter -->
<testsuite skipped="0" hostname="LAPTOP-9E55LMAH" name="cl.local.test.ProbarLinksMiVista" tests="1" failures="0" timestamp="2022-11-23T17:11:06 CLST" time="48.693" errors="0">
  <testcase name="LinksMiVista" time="48.693" classname="cl.local.test.ProbarLinksMiVista"/>
  <system-out/>
</testsuite> <!-- cl.local.test.ProbarLinksMiVista -->
