<?xml version="1.0" encoding="UTF-8"?>
<!-- Generated by org.testng.reporters.JUnitReportReporter -->
<testsuite skipped="0" hostname="LAPTOP-9E55LMAH" name="cl.local.test.LoginOKMantis" tests="1" failures="0" timestamp="2022-11-16T17:52:54 CLST" time="22.296" errors="0">
  <testcase name="loginOK" time="22.296" classname="cl.local.test.LoginOKMantis"/>
  <system-out/>
</testsuite> <!-- cl.local.test.LoginOKMantis -->
