<?xml version="1.0" encoding="UTF-8"?>
<!-- Generated by org.testng.reporters.JUnitReportReporter -->
<testsuite skipped="0" hostname="LAPTOP-9E55LMAH" name="cl.local.test.LoginFailMantis" tests="1" failures="0" timestamp="2022-11-23T17:11:06 CLST" time="20.020" errors="0">
  <testcase name="loginClaveIncorrecta" time="20.020" classname="cl.local.test.LoginFailMantis"/>
  <system-out>
    <![CDATA[Es posible que su cuenta esté desactivada o bloqueada o que el nombre de usuario y la contraseña proporcionados sean incorrectos.
Prueba Finalizada correctamente]]>
  </system-out>
</testsuite> <!-- cl.local.test.LoginFailMantis -->
