<?xml version="1.0" encoding="UTF-8"?>
<!-- Generated by org.testng.reporters.JUnitReportReporter -->
<testsuite skipped="0" hostname="LAPTOP-9E55LMAH" name="cl.local.test.LoginOKMantis" tests="1" failures="0" timestamp="2022-11-23T17:58:22 CLST" time="22.106" errors="0">
  <testcase name="loginOK" time="22.106" classname="cl.local.test.LoginOKMantis"/>
  <system-out>
    <![CDATA[Prueba finalizada satisfactoriamente]]>
  </system-out>
</testsuite> <!-- cl.local.test.LoginOKMantis -->
