<?xml version="1.0" encoding="UTF-8"?>
<!-- Generated by org.testng.reporters.JUnitReportReporter -->
<testsuite hostname="LAPTOP-9E55LMAH" failures="0" tests="2" name="cl.local.test.LoginOKMantis" time="17.555" errors="0" timestamp="2023-01-14T21:41:02 CLST" skipped="0">
  <testcase classname="cl.local.test.LoginOKMantis" name="loginOKMantis" time="9.107"/>
  <system-out/>
  <testcase classname="cl.local.test.LoginOKMantis" name="loginOKMantis" time="8.448"/>
  <system-out/>
</testsuite> <!-- cl.local.test.LoginOKMantis -->
