<?xml version="1.0" encoding="UTF-8"?>
<!-- Generated by org.testng.reporters.JUnitReportReporter -->
<testsuite hostname="LAPTOP-9E55LMAH" failures="0" tests="1" name="cl.local.test.ReportarIncidencia" time="5.998" errors="0" timestamp="2022-11-12T19:51:17 CLST" skipped="0">
  <testcase classname="cl.local.test.ReportarIncidencia" name="RepoIncidencia" time="5.998"/>
  <system-out/>
</testsuite> <!-- cl.local.test.ReportarIncidencia -->
