<?xml version="1.0" encoding="UTF-8"?>
<!-- Generated by org.testng.reporters.JUnitReportReporter -->
<testsuite skipped="0" hostname="LAPTOP-9E55LMAH" name="cl.local.test.ReportarIncidencia" tests="1" failures="0" timestamp="2022-11-17T12:52:39 CLST" time="6.353" errors="0">
  <testcase name="RepoIncidencia" time="6.353" classname="cl.local.test.ReportarIncidencia"/>
  <system-out/>
</testsuite> <!-- cl.local.test.ReportarIncidencia -->
