<?xml version="1.0" encoding="UTF-8"?>
<!-- Generated by org.testng.reporters.JUnitReportReporter -->
<testsuite hostname="LAPTOP-9E55LMAH" failures="0" tests="2" name="cl.local.test.LoginOKMantis" time="18.413" errors="0" timestamp="2023-01-14T20:54:00 CLST" skipped="0">
  <testcase classname="cl.local.test.LoginOKMantis" name="loginOKMantis" time="10.329"/>
  <system-out/>
  <testcase classname="cl.local.test.LoginOKMantis" name="loginOKMantis" time="8.084"/>
  <system-out/>
</testsuite> <!-- cl.local.test.LoginOKMantis -->
