<?xml version="1.0" encoding="UTF-8"?>
<!-- Generated by org.testng.reporters.JUnitReportReporter -->
<testsuite skipped="0" hostname="LAPTOP-9E55LMAH" name="cl.local.test.EliminarIncidencia" tests="1" failures="0" timestamp="2022-11-23T17:58:22 CLST" time="24.427" errors="0">
  <testcase name="eliminarIncidencia" time="24.427" classname="cl.local.test.EliminarIncidencia"/>
  <system-out/>
</testsuite> <!-- cl.local.test.EliminarIncidencia -->
