<?xml version="1.0" encoding="UTF-8"?>
<!-- Generated by org.testng.reporters.JUnitReportReporter -->
<testsuite skipped="0" hostname="LAPTOP-9E55LMAH" name="cl.local.test.EliminarIncidencia" tests="1" failures="0" timestamp="2022-11-21T23:20:28 CLST" time="22.351" errors="0">
  <testcase name="eliminarIncidencia" time="22.351" classname="cl.local.test.EliminarIncidencia"/>
  <system-out/>
</testsuite> <!-- cl.local.test.EliminarIncidencia -->
