<?xml version="1.0" encoding="UTF-8"?>
<!-- Generated by org.testng.reporters.JUnitReportReporter -->
<testsuite skipped="0" hostname="LAPTOP-9E55LMAH" name="cl.local.test.ProbarLinksMiVista" tests="1" failures="0" timestamp="2022-11-21T23:20:28 CLST" time="51.534" errors="0">
  <testcase name="LinksMiVista" time="51.534" classname="cl.local.test.ProbarLinksMiVista"/>
  <system-out/>
</testsuite> <!-- cl.local.test.ProbarLinksMiVista -->
