<?xml version="1.0" encoding="UTF-8"?>
<!-- Generated by org.testng.reporters.JUnitReportReporter -->
<testsuite hostname="LAPTOP-9E55LMAH" failures="0" tests="1" name="cl.local.test.EliminarIncidencia" time="6.767" errors="0" timestamp="2022-11-14T10:02:57 CLST" skipped="0">
  <testcase classname="cl.local.test.EliminarIncidencia" name="eliminarIncidencia" time="6.767"/>
  <system-out/>
</testsuite> <!-- cl.local.test.EliminarIncidencia -->
