<?xml version="1.0" encoding="UTF-8"?>
<!-- Generated by org.testng.reporters.JUnitReportReporter -->
<testsuite skipped="0" hostname="LAP96" name="cl.local.test.LoginOKMantis" tests="1" failures="0" timestamp="2022-12-01T15:33:45 CLST" time="17.046" errors="0">
  <testcase name="loginOK" time="17.046" classname="cl.local.test.LoginOKMantis"/>
  <system-out>
    <![CDATA[Prueba finalizada satisfactoriamente]]>
  </system-out>
</testsuite> <!-- cl.local.test.LoginOKMantis -->
